2023-01-18 20:52:27,058 - maven_project -INFO - open commerce URL
2023-01-18 20:52:27,287 - maven_project -INFO - enter email
2023-01-18 20:52:27,409 - maven_project -INFO - enter password
2023-01-18 20:52:27,485 - maven_project -INFO - click into login button
2023-01-18 20:54:50,091 - maven_project -INFO - open commerce URL
2023-01-18 20:54:50,304 - maven_project -INFO - enter email
2023-01-18 20:54:50,419 - maven_project -INFO - enter password
2023-01-18 20:54:51,392 - maven_project -INFO - click into login button
2023-01-18 20:54:51,411 - maven_project -INFO - Login success
2023-01-18 22:24:31,122 - maven_project -INFO - open commerce URL
2023-01-18 22:24:31,312 - maven_project -INFO - enter email
2023-01-18 22:24:33,531 - maven_project -INFO - enter password
2023-01-18 22:24:36,923 - maven_project -INFO - click into login button
2023-01-18 22:27:17,614 - maven_project -INFO - open commerce URL
2023-01-18 22:27:17,802 - maven_project -INFO - enter email
2023-01-18 22:27:20,060 - maven_project -INFO - enter password
2023-01-18 22:27:23,394 - maven_project -INFO - click into login button
2023-01-18 22:28:18,095 - maven_project -INFO - open commerce URL
2023-01-18 22:28:18,297 - maven_project -INFO - enter email
2023-01-18 22:28:20,473 - maven_project -INFO - enter password
2023-01-18 22:28:23,852 - maven_project -INFO - click into login button
2023-01-18 22:29:26,627 - maven_project -INFO - open commerce URL
2023-01-18 22:29:26,833 - maven_project -INFO - enter email
2023-01-18 22:29:28,977 - maven_project -INFO - enter password
2023-01-18 22:29:31,527 - maven_project -INFO - click into login button
2023-01-18 22:33:05,413 - maven_project -INFO - open commerce URL
2023-01-18 22:33:05,569 - maven_project -INFO - enter email
2023-01-18 22:33:07,812 - maven_project -INFO - enter password
2023-01-18 22:33:10,858 - maven_project -INFO - click into login button
2023-01-18 22:38:51,572 - maven_project -INFO - open commerce URL
2023-01-18 22:42:18,206 - maven_project -INFO - open commerce URL
2023-01-18 22:42:18,473 - maven_project -INFO - enter email
2023-01-18 22:42:20,655 - maven_project -INFO - enter password
2023-01-18 22:42:22,771 - maven_project -INFO - click into login button
2023-01-18 22:45:50,810 - maven_project -INFO - open commerce URL
2023-01-18 22:45:51,174 - maven_project -INFO - enter email
2023-01-18 22:45:53,399 - maven_project -INFO - enter password
2023-01-18 22:45:55,530 - maven_project -INFO - click into login button
2023-01-18 22:46:51,332 - maven_project -INFO - open commerce URL
2023-01-18 22:46:51,574 - maven_project -INFO - enter email
2023-01-18 22:46:53,796 - maven_project -INFO - enter password
2023-01-18 22:46:56,061 - maven_project -INFO - click into login button
2023-01-18 22:51:34,832 - maven_project -INFO - open commerce URL
2023-01-18 22:51:35,108 - maven_project -INFO - enter email
2023-01-18 22:51:37,402 - maven_project -INFO - enter password
2023-01-18 22:51:39,514 - maven_project -INFO - click into login button
2023-01-18 22:53:42,928 - maven_project -INFO - open commerce URL
2023-01-18 22:55:03,104 - maven_project -INFO - open commerce URL
2023-01-18 22:55:03,338 - maven_project -INFO - enter email
2023-01-18 22:55:05,577 - maven_project -INFO - enter password
2023-01-18 22:55:07,670 - maven_project -INFO - click into login button
2023-01-18 22:55:52,912 - maven_project -INFO - open commerce URL
2023-01-18 22:55:53,116 - maven_project -INFO - enter email
2023-01-18 22:55:55,445 - maven_project -INFO - enter password
2023-01-18 22:55:57,550 - maven_project -INFO - click into login button
2023-01-19 15:11:27,430 - maven_project -INFO - open commerce URL
2023-01-19 15:11:27,614 - maven_project -INFO - enter email
2023-01-19 15:11:29,839 - maven_project -INFO - enter password
2023-01-19 15:11:31,935 - maven_project -INFO - click into login button
2023-01-19 15:14:09,054 - maven_project -INFO - open commerce URL
2023-01-19 15:14:09,280 - maven_project -INFO - enter email
2023-01-19 15:14:11,492 - maven_project -INFO - enter password
2023-01-19 15:14:13,610 - maven_project -INFO - click into login button
2023-01-19 23:34:21,070 - maven_project -INFO - open commerce URL
2023-01-19 23:34:21,366 - maven_project -INFO - enter email
2023-01-19 23:34:23,636 - maven_project -INFO - enter password
2023-01-19 23:34:26,234 - maven_project -INFO - click into login button
2023-01-19 23:39:30,451 - maven_project -INFO - open commerce URL
2023-01-19 23:39:30,694 - maven_project -INFO - enter email
2023-01-19 23:39:32,898 - maven_project -INFO - enter password
2023-01-19 23:39:35,037 - maven_project -INFO - click into login button
2023-01-20 00:45:17,514 - maven_project -INFO - open commerce URL
2023-01-20 00:45:18,596 - maven_project -INFO - enter email
2023-01-20 00:45:20,760 - maven_project -INFO - enter password
2023-01-20 00:45:22,851 - maven_project -INFO - click into login button
2023-01-20 00:52:01,458 - maven_project -INFO - open commerce URL
2023-01-20 00:52:02,458 - maven_project -INFO - enter email
2023-01-20 00:52:04,623 - maven_project -INFO - enter password
2023-01-20 00:52:06,753 - maven_project -INFO - click into login button
2023-01-23 00:18:13,303 - maven_project -INFO - open commerce URL
2023-01-23 00:19:44,131 - maven_project -INFO - open commerce URL
2023-01-23 00:22:41,131 - maven_project -INFO - open commerce URL
2023-01-23 00:32:13,429 - maven_project -INFO - open commerce URL
2023-01-23 00:32:14,840 - maven_project -INFO - click on a login button
2023-01-23 00:32:15,066 - maven_project -INFO - enter email
2023-01-23 00:32:17,323 - maven_project -INFO - enter password
2023-01-23 00:32:19,844 - maven_project -INFO - click into login button
2023-01-23 20:26:46,260 - maven_project -INFO - open commerce URL
2023-01-23 20:26:46,433 - maven_project -INFO - click on a login button
2023-01-23 20:29:26,216 - maven_project -INFO - open commerce URL
2023-01-23 20:29:27,677 - maven_project -INFO - click on login
2023-01-23 20:29:27,678 - maven_project -INFO - click on a login button
2023-01-23 20:29:27,921 - maven_project -INFO - enter email
2023-01-23 20:29:30,181 - maven_project -INFO - enter password
2023-01-23 20:29:32,275 - maven_project -INFO - click into login button
2023-01-23 20:30:15,744 - maven_project -INFO - open commerce URL
2023-01-23 20:30:16,461 - maven_project -INFO - click on login
2023-01-23 20:30:16,462 - maven_project -INFO - click on a login button
2023-01-23 20:30:16,604 - maven_project -INFO - enter email
2023-01-23 20:30:18,776 - maven_project -INFO - enter password
2023-01-23 20:30:21,314 - maven_project -INFO - click into login button
2023-01-23 20:31:36,088 - maven_project -INFO - open commerce URL
2023-01-23 20:31:36,851 - maven_project -INFO - click on login
2023-01-23 20:31:36,851 - maven_project -INFO - click on a login button
2023-01-23 20:31:37,003 - maven_project -INFO - enter email
2023-01-23 20:31:39,216 - maven_project -INFO - enter password
2023-01-23 20:31:42,487 - maven_project -INFO - click into login button
2023-01-23 20:35:31,122 - maven_project -INFO - open commerce URL
2023-01-23 20:35:32,636 - maven_project -INFO - click on login
2023-01-23 20:35:32,642 - maven_project -INFO - click on a login button
2023-01-23 20:35:32,875 - maven_project -INFO - enter email
2023-01-23 20:35:35,064 - maven_project -INFO - enter password
2023-01-23 20:35:38,060 - maven_project -INFO - click into login button
2023-01-23 20:38:02,670 - maven_project -INFO - open commerce URL
2023-01-23 20:38:04,320 - maven_project -INFO - click on login
2023-01-23 20:38:04,325 - maven_project -INFO - click on a login button
2023-01-23 20:38:04,511 - maven_project -INFO - enter email
2023-01-23 20:38:06,908 - maven_project -INFO - enter password
2023-01-23 20:38:10,012 - maven_project -INFO - click into login button
2023-01-23 20:38:10,232 - maven_project -INFO - move cursor to the computer
2023-01-23 20:38:11,013 - maven_project -INFO - move cursor to the computer
2023-01-23 20:38:21,889 - maven_project -INFO - click on notebook
2023-01-23 20:40:04,502 - maven_project -INFO - open commerce URL
2023-01-23 20:40:05,321 - maven_project -INFO - click on login
2023-01-23 20:40:05,322 - maven_project -INFO - click on a login button
2023-01-23 20:40:05,490 - maven_project -INFO - enter email
2023-01-23 20:40:07,655 - maven_project -INFO - enter password
2023-01-23 20:40:10,610 - maven_project -INFO - click into login button
2023-01-23 20:40:10,811 - maven_project -INFO - move cursor to the computer
2023-01-23 20:40:11,513 - maven_project -INFO - move cursor to the computer
2023-01-23 20:40:19,536 - maven_project -INFO - click on notebook
2023-01-23 20:45:11,949 - maven_project -INFO - open commerce URL
2023-01-23 20:45:13,346 - maven_project -INFO - click on login
2023-01-23 20:45:13,347 - maven_project -INFO - click on a login button
2023-01-23 20:45:13,515 - maven_project -INFO - enter email
2023-01-23 20:45:15,738 - maven_project -INFO - enter password
2023-01-23 20:45:19,908 - maven_project -INFO - click into login button
2023-01-23 20:45:20,131 - maven_project -INFO - move cursor to the computer
2023-01-23 20:45:20,854 - maven_project -INFO - move cursor to the computer
2023-01-23 20:45:28,461 - maven_project -INFO - click on notebook
2023-01-23 20:46:58,293 - maven_project -INFO - open commerce URL
2023-01-23 20:47:00,862 - maven_project -INFO - click on login
2023-01-23 20:47:00,863 - maven_project -INFO - click on a login button
2023-01-23 20:47:01,009 - maven_project -INFO - enter email
2023-01-23 20:47:03,285 - maven_project -INFO - enter password
2023-01-23 20:47:06,318 - maven_project -INFO - click into login button
2023-01-23 20:47:06,509 - maven_project -INFO - move cursor to the computer
2023-01-23 20:47:07,288 - maven_project -INFO - move cursor to the computer
2023-01-23 20:47:27,400 - maven_project -INFO - click on notebook
2023-01-23 20:51:01,146 - maven_project -INFO - open commerce URL
2023-01-23 20:51:02,627 - maven_project -INFO - click on login
2023-01-23 20:51:02,628 - maven_project -INFO - click on a login button
2023-01-23 20:51:02,762 - maven_project -INFO - enter email
2023-01-23 20:51:04,930 - maven_project -INFO - enter password
2023-01-23 20:51:07,920 - maven_project -INFO - click into login button
2023-01-23 20:51:08,115 - maven_project -INFO - move cursor to the computer
2023-01-23 20:51:08,797 - maven_project -INFO - move cursor to the computer
2023-01-23 20:51:27,289 - maven_project -INFO - click on notebook
2023-01-23 20:53:47,740 - maven_project -INFO - open commerce URL
2023-01-23 20:53:49,399 - maven_project -INFO - click on login
2023-01-23 20:53:49,400 - maven_project -INFO - click on a login button
2023-01-23 20:53:49,553 - maven_project -INFO - enter email
2023-01-23 20:53:51,855 - maven_project -INFO - enter password
2023-01-23 20:53:54,747 - maven_project -INFO - click into login button
2023-01-23 20:53:54,968 - maven_project -INFO - move cursor to the computer
2023-01-23 20:53:55,695 - maven_project -INFO - move cursor to the computer
2023-01-23 20:54:01,863 - maven_project -INFO - click on notebook
2023-01-25 21:25:22,947 - maven_project -INFO - Open URL
2023-01-25 21:25:26,150 - maven_project -INFO - Enter user mailL
2023-01-25 21:25:29,276 - maven_project -INFO - Enter User password
2023-01-25 21:25:33,701 - maven_project -INFO - Clicked on longin button
2023-01-25 21:27:05,583 - maven_project -INFO - Open URL
2023-01-25 21:27:08,785 - maven_project -INFO - Enter user mailL
2023-01-25 21:27:11,919 - maven_project -INFO - Enter User password
2023-01-25 21:27:16,803 - maven_project -INFO - Clicked on longin button
2023-01-25 21:27:20,023 - maven_project -INFO - Login successfully
2023-01-25 21:28:09,867 - maven_project -INFO - Open URL
2023-01-25 21:28:13,052 - maven_project -INFO - Enter user mailL
2023-01-25 21:28:16,182 - maven_project -INFO - Enter User password
2023-01-25 21:28:20,951 - maven_project -INFO - Clicked on longin button
2023-01-25 21:28:24,161 - maven_project -INFO - Mouseover on computer
2023-01-25 21:28:25,355 - maven_project -INFO - Clicked on NotebookText
2023-01-25 21:29:24,217 - maven_project -INFO - User created
2023-01-25 22:52:16,376 - maven_project -INFO - Open URL
2023-01-25 22:52:19,629 - maven_project -INFO - Enter user mailL
2023-01-25 22:52:22,795 - maven_project -INFO - Enter User password
2023-01-25 22:52:27,197 - maven_project -INFO - Clicked on longin button
2023-01-25 22:52:38,748 - maven_project -INFO - User created
2023-01-25 22:52:42,501 - maven_project -INFO - Open URL
2023-01-25 22:52:45,704 - maven_project -INFO - Enter user mailL
2023-01-25 22:52:48,877 - maven_project -INFO - Enter User password
2023-01-25 22:52:52,642 - maven_project -INFO - Clicked on longin button
2023-01-25 22:53:23,074 - maven_project -INFO - User created
